## Sample logs of adding a master node

# ./add.sh config-master0.yaml 
Master node uses static IP, will create nmstateconfig
---
apiVersion: agent-install.openshift.io/v1beta1
kind: NMStateConfig
metadata:
  labels:
    infraenvs.agent-install.openshift.io: compact
  name: master0.compact.outbound.vz.bos2.lab
  namespace: compact
spec:
  interfaces:
  - macAddress: de:ad:be:ff:10:34
    name: ens1f0

  config:
    dns-resolver:
      config:
        server:
        - 192.168.58.15
        
    interfaces:
    - name: ens1f0
      type: ethernet
      state: up
      mac-address: de:ad:be:ff:10:34
      ipv4:
        address:
        - ip: 192.168.58.34
          prefix-length: 25
        enabled: true
        dhcp: false
      
    routes:
      config:
      - destination: 0.0.0.0/0
        next-hop-address: 192.168.58.1
        next-hop-interface: ens1f0
      

nmstateconfig.agent-install.openshift.io/master0.compact.outbound.vz.bos2.lab created
-------------------------------
Power off server.
204 https://192.168.58.15:8080/redfish/v1/Systems/22222222-1111-1111-0000-000000000004/Actions/ComputerSystem.Reset
-------------------------------

204 https://192.168.58.15:8080/redfish/v1/Managers/22222222-1111-1111-0000-000000000004/VirtualMedia/Cd/Actions/VirtualMedia.EjectMedia
-------------------------------

Insert Virtual Media: http://192.168.58.15/iso/compact-discovery.iso
204 https://192.168.58.15:8080/redfish/v1/Managers/22222222-1111-1111-0000-000000000004/VirtualMedia/Cd/Actions/VirtualMedia.InsertMedia
-------------------------------

Virtual Media Status: 
{
  "@odata.type": "#VirtualMedia.v1_4_0.VirtualMedia",
  "Id": "Cd",
  "Name": "Virtual CD",
  "MediaTypes": [
    "CD",
    "DVD"
  ],
  "Image": "compact-discovery.iso",
  "ImageName": "",
  "ConnectedVia": "URI",
  "Inserted": true,
  "WriteProtected": true,
  "Actions": {
    "#VirtualMedia.EjectMedia": {
      "target": "/redfish/v1/Managers/22222222-1111-1111-0000-000000000004/VirtualMedia/Cd/Actions/VirtualMedia.EjectMedia"
    },
    "#VirtualMedia.InsertMedia": {
      "target": "/redfish/v1/Managers/22222222-1111-1111-0000-000000000004/VirtualMedia/Cd/Actions/VirtualMedia.InsertMedia"
    },
    "Oem": {}
  },
  "UserName": "",
  "Password": "",
  "Certificates": {
    "@odata.id": "/redfish/v1/Managers/22222222-1111-1111-0000-000000000004/VirtualMedia/Cd/Certificates"
  },
  "VerifyCertificate": false,
  "@odata.context": "/redfish/v1/$metadata#VirtualMedia.VirtualMedia",
  "@odata.id": "/redfish/v1/Managers/22222222-1111-1111-0000-000000000004/VirtualMedia/Cd",
  "@Redfish.Copyright": "Copyright 2014-2017 Distributed Management Task Force, Inc. (DMTF). For the full DMTF copyright policy, see http://www.dmtf.org/about/policies/copyright."
}
-------------------------------

Boot node from Virtual Media Once
204 https://192.168.58.15:8080/redfish/v1/Systems/22222222-1111-1111-0000-000000000004
-------------------------------

Power on server.
204 https://192.168.58.15:8080/redfish/v1/Systems/22222222-1111-1111-0000-000000000004/Actions/ComputerSystem.Reset

-------------------------------
Node is booting from virtual media mounted with http://192.168.58.15/iso/compact-discovery.iso, check your BMC console to monitor the progress.


Node booting.

22222222-1111-1111-0000-000000000004             false      auto-assign   
agent.agent-install.openshift.io/22222222-1111-1111-0000-000000000004 patched
agent.agent-install.openshift.io/22222222-1111-1111-0000-000000000004 patched
agent.agent-install.openshift.io/22222222-1111-1111-0000-000000000004 patched
agent.agent-install.openshift.io/22222222-1111-1111-0000-000000000004 patched
-------------------------------
Installation in progress: completed /100
Installation in progress: completed /100
Installation in progress: completed /100
Installation in progress: completed /100
Installation in progress: completed /100
Installation in progress: completed /100
Installation in progress: completed /100
Installation in progress: completed /100
Installation in progress: completed /100
Installation in progress: completed /100
Installation in progress: completed /100
Installation in progress: completed /100
Installation in progress: completed /100
Installation in progress: completed 42/100
Installation in progress: completed 42/100
Installation in progress: completed 42/100
Installation in progress: completed 42/100
Installation in progress: completed 57/100
Installation in progress: completed 57/100
Installation in progress: completed 57/100
Installation in progress: completed 57/100
Installation in progress: completed 57/100
Installation in progress: completed 57/100
Installation in progress: completed 57/100
Installation in progress: completed 57/100
Installation in progress: completed 57/100
Installation in progress: completed 57/100
Installation in progress: completed 57/100
Installation in progress: completed 57/100
Installation in progress: completed 57/100
Installation in progress: completed 57/100
Installation in progress: completed 57/100
Installation in progress: completed 57/100
Installation in progress: completed 57/100
Installation in progress: completed 57/100
Installation in progress: completed 57/100
Installation in progress: completed 57/100
Installation in progress: completed 57/100
Installation in progress: completed 57/100
Installation in progress: completed 57/100
Installation in progress: completed 57/100
Installation in progress: completed 57/100
Installation in progress: completed 57/100
Installation in progress: completed 57/100
Installation in progress: completed 57/100
Installation in progress: completed 57/100
Installation in progress: completed 57/100
Installation in progress: completed 57/100
Installation in progress: completed 57/100
Installation completed.
NAME                                   STATUS   ROLES                         AGE     VERSION
master0.compact.outbound.vz.bos2.lab   Ready    control-plane,master,worker   65s     v1.25.11+1485cc9
master1.compact.outbound.vz.bos2.lab   Ready    control-plane,master,worker   6h46m   v1.25.11+1485cc9
master2.compact.outbound.vz.bos2.lab   Ready    control-plane,master,worker   7h6m    v1.25.11+1485cc9
master3.compact.outbound.vz.bos2.lab   Ready    control-plane,master,worker   7h6m    v1.25.11+1485cc9
worker1.compact.outbound.vz.bos2.lab   Ready    worker                        5h11m   v1.25.11+1485cc9
